2024-06-01 22:28:57,802 - INFO - views.py - index - 115 - 用户访问主页
2024-06-01 22:29:04,255 - INFO - views.py - user - 357 - 用户修改了个人信息
2024-06-01 22:29:04,262 - INFO - views.py - index - 115 - 用户访问主页
2024-06-01 22:29:09,160 - INFO - views.py - user - 357 - 用户修改了个人信息
2024-06-01 22:29:09,167 - INFO - views.py - index - 115 - 用户访问主页
2024-06-01 22:29:39,126 - INFO - views.py - user - 357 - 用户修改了个人信息
2024-06-01 22:29:41,953 - INFO - views.py - user - 357 - 用户修改了个人信息
2024-06-01 23:00:37,731 - INFO - views.py - index - 115 - 用户访问主页
2024-06-01 23:01:21,717 - INFO - views.py - user - 357 - 用户修改了个人信息
2024-06-01 23:01:40,012 - INFO - views.py - index - 115 - 用户访问主页
2024-06-01 23:01:48,019 - INFO - views.py - user - 357 - 用户修改了个人信息
2024-06-01 23:01:51,088 - INFO - views.py - user - 357 - 用户修改了个人信息
2024-06-02 17:17:12,818 - INFO - views.py - index - 115 - 用户访问主页
2024-06-02 21:46:35,890 - INFO - views.py - index - 115 - 用户访问主页
2024-06-02 21:48:10,957 - INFO - views.py - index - 115 - 用户访问主页
2024-06-02 21:49:38,431 - INFO - views.py - index - 115 - 用户访问主页
2024-06-02 21:50:17,289 - INFO - views.py - likes - 143 - 用户点赞了一篇帖子
2024-06-02 21:50:36,422 - INFO - views.py - collect - 309 - 用户收藏了一篇帖子
2024-06-02 21:50:45,380 - INFO - views.py - collect_del - 321 - 用户删除了一篇收藏
2024-06-02 21:50:50,217 - INFO - views.py - index - 115 - 用户访问主页
2024-06-02 21:52:26,137 - INFO - views.py - talk - 182 - 用户发表了一篇文章
2024-06-02 21:52:46,457 - INFO - views.py - likes - 143 - 用户点赞了一篇帖子
2024-06-02 21:52:51,020 - INFO - views.py - index - 115 - 用户访问主页
2024-06-02 21:53:22,367 - INFO - views.py - index - 115 - 用户访问主页
2024-06-02 21:53:27,376 - INFO - views.py - collect - 309 - 用户收藏了一篇帖子
2024-06-02 21:53:30,898 - INFO - views.py - index - 115 - 用户访问主页
2024-06-02 21:53:37,120 - INFO - views.py - index - 115 - 用户访问主页
2024-06-02 22:03:23,585 - INFO - views.py - index - 115 - 用户访问主页
2024-06-02 22:04:36,479 - INFO - views.py - index - 115 - 用户访问主页
2024-06-02 22:05:33,937 - INFO - views.py - index - 115 - 用户访问主页
2024-06-02 22:10:14,403 - INFO - views.py - user - 357 - 用户修改了个人信息
2024-06-02 22:12:48,397 - INFO - views.py - index - 115 - 用户访问主页
2024-06-02 22:14:32,964 - INFO - views.py - index - 115 - 用户访问主页
2024-06-02 22:18:11,623 - INFO - views.py - index - 115 - 用户访问主页
2024-06-02 22:19:13,950 - INFO - views.py - index - 115 - 用户访问主页
2024-06-02 22:20:52,977 - INFO - views.py - user - 357 - 用户修改了个人信息
2024-06-02 22:23:02,726 - INFO - views.py - index - 115 - 用户访问主页
2024-06-02 22:23:23,828 - INFO - views.py - index - 115 - 用户访问主页
2024-06-02 22:24:14,942 - INFO - views.py - index - 115 - 用户访问主页
2024-06-02 22:24:49,121 - INFO - views.py - likes - 143 - 用户点赞了一篇帖子
2024-06-02 22:24:51,529 - INFO - views.py - likes - 143 - 用户点赞了一篇帖子
2024-06-02 22:25:16,097 - INFO - views.py - talk - 182 - 用户发表了一篇文章
2024-06-02 22:25:45,743 - INFO - views.py - talk - 182 - 用户发表了一篇文章
2024-06-02 22:28:00,248 - INFO - views.py - forum_del - 274 - 用户删除了帖子
2024-06-02 22:28:01,732 - INFO - views.py - forum_del - 274 - 用户删除了帖子
2024-06-02 22:28:05,027 - INFO - views.py - index - 115 - 用户访问主页
2024-06-02 22:28:19,862 - INFO - views.py - index - 115 - 用户访问主页
2024-06-02 22:31:07,677 - INFO - views.py - likes - 143 - 用户点赞了一篇帖子
2024-06-02 22:31:09,052 - INFO - views.py - likes - 143 - 用户点赞了一篇帖子
2024-06-02 22:31:12,995 - INFO - views.py - collect - 309 - 用户收藏了一篇帖子
2024-06-02 22:31:34,994 - INFO - views.py - index - 115 - 用户访问主页
2024-06-02 22:31:50,818 - INFO - views.py - likes - 143 - 用户点赞了一篇帖子
2024-06-02 22:31:52,828 - INFO - views.py - likes - 143 - 用户点赞了一篇帖子
2024-06-02 22:32:23,402 - INFO - views.py - talk - 182 - 用户发表了一篇文章
2024-06-02 22:32:32,028 - INFO - views.py - likes - 143 - 用户点赞了一篇帖子
2024-06-02 22:32:35,422 - INFO - views.py - collect - 309 - 用户收藏了一篇帖子
2024-06-02 22:32:53,826 - INFO - views.py - forum_manage - 255 - 用户修改了帖子
2024-06-02 22:33:00,600 - INFO - views.py - forum_del - 274 - 用户删除了帖子
2024-06-02 22:33:03,831 - INFO - views.py - index - 115 - 用户访问主页
2024-06-02 22:33:23,217 - INFO - views.py - talk - 182 - 用户发表了一篇文章
2024-06-02 22:33:26,881 - INFO - views.py - likes - 143 - 用户点赞了一篇帖子
2024-06-02 22:33:28,879 - INFO - views.py - collect - 309 - 用户收藏了一篇帖子
2024-06-02 22:33:41,564 - INFO - views.py - collect_del - 321 - 用户删除了一篇收藏
2024-06-02 22:33:43,843 - INFO - views.py - collect_del - 321 - 用户删除了一篇收藏
2024-06-02 22:33:52,049 - INFO - views.py - index - 115 - 用户访问主页
2024-06-02 22:34:21,764 - INFO - views.py - index - 115 - 用户访问主页
2024-06-02 22:34:58,213 - INFO - views.py - index - 115 - 用户访问主页
2024-06-02 22:35:06,079 - INFO - views.py - collect - 309 - 用户收藏了一篇帖子
2024-06-02 22:35:10,331 - INFO - views.py - index - 115 - 用户访问主页
2024-06-02 22:35:58,219 - INFO - views.py - index - 115 - 用户访问主页
2024-06-02 22:36:23,495 - INFO - views.py - forum_del - 274 - 用户删除了帖子
2024-06-02 22:36:24,897 - INFO - views.py - index - 115 - 用户访问主页
2024-06-02 22:37:09,270 - INFO - views.py - likes - 143 - 用户点赞了一篇帖子
2024-06-02 22:37:11,001 - INFO - views.py - likes - 143 - 用户点赞了一篇帖子
2024-06-02 22:37:38,741 - INFO - views.py - talk - 182 - 用户发表了一篇文章
2024-06-02 22:37:42,982 - INFO - views.py - likes - 143 - 用户点赞了一篇帖子
2024-06-02 22:37:45,563 - INFO - views.py - collect - 309 - 用户收藏了一篇帖子
2024-06-02 22:38:05,527 - INFO - views.py - forum_manage - 255 - 用户修改了帖子
2024-06-02 22:38:15,842 - INFO - views.py - index - 115 - 用户访问主页
2024-06-02 22:38:32,733 - INFO - views.py - collect_del - 321 - 用户删除了一篇收藏
2024-06-02 22:38:38,386 - INFO - views.py - forum_del - 274 - 用户删除了帖子
2024-06-02 22:38:40,423 - INFO - views.py - index - 115 - 用户访问主页
2024-06-02 22:39:42,701 - INFO - views.py - index - 115 - 用户访问主页
2024-06-02 22:41:38,974 - INFO - views.py - index - 115 - 用户访问主页
2024-06-02 22:44:34,696 - INFO - views.py - index - 115 - 用户访问主页
2024-06-02 22:52:15,415 - INFO - views.py - index - 115 - 用户访问主页
2024-06-02 23:12:02,463 - INFO - views.py - index - 115 - 用户访问主页
2024-06-02 23:12:53,904 - INFO - views.py - index - 115 - 用户访问主页
2024-06-02 23:21:09,428 - INFO - views.py - index - 115 - 用户访问主页
2024-06-02 23:21:12,143 - INFO - views.py - index - 115 - 用户访问主页
2024-06-03 07:35:07,367 - INFO - views.py - index - 115 - 用户访问主页
2024-06-03 07:37:08,460 - INFO - views.py - index - 115 - 用户访问主页
2024-06-03 07:38:46,678 - INFO - views.py - index - 115 - 用户访问主页
2024-06-03 07:39:41,940 - INFO - views.py - index - 115 - 用户访问主页
2024-06-03 07:40:23,588 - INFO - views.py - index - 115 - 用户访问主页
2024-06-03 07:41:41,635 - INFO - views.py - index - 115 - 用户访问主页
2024-06-03 07:42:13,497 - INFO - views.py - index - 115 - 用户访问主页
2024-06-03 08:04:47,328 - INFO - views.py - index - 115 - 用户访问主页
2024-06-03 08:17:43,852 - INFO - views.py - index - 115 - 用户访问主页
2024-06-03 09:01:04,069 - INFO - views.py - index - 112 - 用户访问主页
2024-06-03 09:02:04,108 - INFO - views.py - index - 112 - 用户访问主页
2024-06-03 09:02:22,458 - INFO - views.py - index - 112 - 用户访问主页
2024-06-03 09:04:19,993 - INFO - views.py - user - 354 - 用户修改了个人信息
2024-06-03 09:04:25,575 - INFO - views.py - index - 112 - 用户访问主页
2024-06-03 09:41:05,827 - INFO - views.py - index - 111 - 用户访问主页
2024-06-03 09:42:39,046 - INFO - views.py - index - 111 - 用户访问主页
2024-06-03 10:15:12,376 - INFO - views.py - index - 111 - 用户访问主页
2024-06-03 11:08:17,699 - INFO - views.py - index - 111 - 用户访问主页
2024-06-03 11:09:30,286 - INFO - views.py - talk - 178 - 用户发表了一篇文章
2024-06-03 11:10:19,283 - INFO - views.py - talk - 178 - 用户发表了一篇文章
2024-07-05 11:51:32,515 - INFO - views.py - index - 111 - 用户访问主页
